{"pagelen": 100, "values": [{"links": {"self": {"href": "data/repositories/osrf/drcsim/issues/500/comments/55455172.json"}, "html": {"href": "#!/osrf/drcsim/issues/500#comment-55455172"}}, "issue": {"links": {"self": {"href": "data/repositories/osrf/drcsim/issues/500.json"}}, "type": "issue", "id": 500, "repository": {"links": {"self": {"href": "data/repositories/osrf/drcsim.json"}, "html": {"href": "#!/osrf/drcsim"}, "avatar": {"href": "data/bytebucket.org/ravatar/{247b5408-ae91-4e3c-b2f9-a21994658d11}ts=c_plus_plus"}}, "type": "repository", "name": "drcsim", "full_name": "osrf/drcsim", "uuid": "{247b5408-ae91-4e3c-b2f9-a21994658d11}"}, "title": "error when build drcsim in ubuntu16.04 ros-kinetic"}, "content": {"raw": "I see a `syntax error` report in the compilation log but can not see which is the real error which is reported probably in the log before these lines. Can you try to locate it and paste the error here?", "markup": "markdown", "html": "<p>I see a <code>syntax error</code> report in the compilation log but can not see which is the real error which is reported probably in the log before these lines. Can you try to locate it and paste the error here?</p>", "type": "rendered"}, "created_on": "2019-12-27T20:02:38.549523+00:00", "user": {"display_name": "Jose Luis Rivero", "uuid": "{d12309b2-f745-42ee-b119-aec4fcdf81fe}", "links": {"self": {"href": "https://api.bitbucket.org/2.0/users/%7Bd12309b2-f745-42ee-b119-aec4fcdf81fe%7D"}, "html": {"href": "https://bitbucket.org/%7Bd12309b2-f745-42ee-b119-aec4fcdf81fe%7D/"}, "avatar": {"href": "data/secure.gravatar.com/avatar/109284c8b83411dbc7492138f6167e9ed=httpsavatar-management--avatars.us-west-2.prod.public.atl-paas.netinitialsJR-5.png"}}, "nickname": "Jose Luis Rivero", "type": "user", "account_id": "557058:155a32e2-420c-4d50-98e0-0e722f63f906"}, "updated_on": null, "type": "issue_comment", "id": 55455172}, {"links": {"self": {"href": "data/repositories/osrf/drcsim/issues/500/comments/55457943.json"}, "html": {"href": "#!/osrf/drcsim/issues/500#comment-55457943"}}, "issue": {"links": {"self": {"href": "data/repositories/osrf/drcsim/issues/500.json"}}, "type": "issue", "id": 500, "repository": {"links": {"self": {"href": "data/repositories/osrf/drcsim.json"}, "html": {"href": "#!/osrf/drcsim"}, "avatar": {"href": "data/bytebucket.org/ravatar/{247b5408-ae91-4e3c-b2f9-a21994658d11}ts=c_plus_plus"}}, "type": "repository", "name": "drcsim", "full_name": "osrf/drcsim", "uuid": "{247b5408-ae91-4e3c-b2f9-a21994658d11}"}, "title": "error when build drcsim in ubuntu16.04 ros-kinetic"}, "content": {"raw": "/home/stz/atlas\\_ws/src/drcsim/drcsim\\_gazebo\\_ros\\_plugins/src/ContactModelPlugin.cpp: In member function \u2018virtual void gazebo::ContactModelPlugin::Init\\(\\)\u2019:\n\n/home/stz/atlas\\_ws/src/drcsim/drcsim\\_gazebo\\_ros\\_plugins/src/ContactModelPlugin.cpp:88:5: error: \u2018replace\\_all\u2019 is not a member of \u2018boost\u2019\n\n\u200c     boost::replace\\_all\\(topicName, \"::\", \"/\"\\);\n\n\u200c     ^\n\n/home/stz/atlas\\_ws/src/drcsim/drcsim\\_gazebo\\_ros\\_plugins/src/ContactModelPlugin.cpp:91:5: error: \u2018replace\\_all\u2019 is not a member of \u2018boost\u2019\n\n\u200c     boost::replace\\_all\\(this->filterTopicName, \"::\", \"/\"\\);\n\n\u200c     ^\n\ndrcsim/drcsim\\_gazebo\\_ros\\_plugins/CMakeFiles/ContactModelPlugin.dir/build.make:62: recipe for target 'drcsim/drcsim\\_gazebo\\_ros\\_plugins/CMakeFiles/ContactModelPlugin.dir/src/ContactModelPlugin.cpp.o' failed\n\nmake\\[2\\]: \\*\\*\\* \\[drcsim/drcsim\\_gazebo\\_ros\\_plugins/CMakeFiles/ContactModelPlugin.dir/src/ContactModelPlugin.cpp.o\\] Error 1\n\nCMakeFiles/Makefile2:15932: recipe for target 'drcsim/drcsim\\_gazebo\\_ros\\_plugins/CMakeFiles/ContactModelPlugin.dir/all' failed\n\nmake\\[1\\]: \\*\\*\\* \\[drcsim/drcsim\\_gazebo\\_ros\\_plugins/CMakeFiles/ContactModelPlugin.dir/all\\] Error 2\n\n\\[ 95%\\] Linking CXX executable /home/stz/atlas\\_ws/devel/lib/drcsim\\_gazebo\\_ros\\_plugins/actionlib\\_server\n\n\\[ 95%\\] Built target actionlib\\_server\n\nMakefile:138: recipe for target 'all' failed\n\nmake: \\*\\*\\* \\[all\\] Error 2\n\nInvoking \"make install -j4 -l4\" failed", "markup": "markdown", "html": "<p>/home/stz/atlas_ws/src/drcsim/drcsim_gazebo_ros_plugins/src/ContactModelPlugin.cpp: In member function \u2018virtual void gazebo::ContactModelPlugin::Init()\u2019:</p>\n<p>/home/stz/atlas_ws/src/drcsim/drcsim_gazebo_ros_plugins/src/ContactModelPlugin.cpp:88:5: error: \u2018replace_all\u2019 is not a member of \u2018boost\u2019</p>\n<p>\u200c     boost::replace_all(topicName, \"::\", \"/\");</p>\n<p>\u200c     ^</p>\n<p>/home/stz/atlas_ws/src/drcsim/drcsim_gazebo_ros_plugins/src/ContactModelPlugin.cpp:91:5: error: \u2018replace_all\u2019 is not a member of \u2018boost\u2019</p>\n<p>\u200c     boost::replace_all(this-&gt;filterTopicName, \"::\", \"/\");</p>\n<p>\u200c     ^</p>\n<p>drcsim/drcsim_gazebo_ros_plugins/CMakeFiles/<a href=\"http://ContactModelPlugin.dir/build.make:62\" rel=\"nofollow\" class=\"ap-connect-link\">ContactModelPlugin.dir/build.make:62</a>: recipe for target 'drcsim/drcsim_gazebo_ros_plugins/CMakeFiles/<a href=\"http://ContactModelPlugin.dir/src/ContactModelPlugin.cpp.o\" rel=\"nofollow\" class=\"ap-connect-link\">ContactModelPlugin.dir/src/ContactModelPlugin.cpp.o</a>' failed</p>\n<p>make[2]: *** [drcsim/drcsim_gazebo_ros_plugins/CMakeFiles/<a href=\"http://ContactModelPlugin.dir/src/ContactModelPlugin.cpp.o\" rel=\"nofollow\" class=\"ap-connect-link\">ContactModelPlugin.dir/src/ContactModelPlugin.cpp.o</a>] Error 1</p>\n<p>CMakeFiles/Makefile2:15932: recipe for target 'drcsim/drcsim_gazebo_ros_plugins/CMakeFiles/<a href=\"http://ContactModelPlugin.dir/all\" rel=\"nofollow\" class=\"ap-connect-link\">ContactModelPlugin.dir/all</a>' failed</p>\n<p>make[1]: *** [drcsim/drcsim_gazebo_ros_plugins/CMakeFiles/<a href=\"http://ContactModelPlugin.dir/all\" rel=\"nofollow\" class=\"ap-connect-link\">ContactModelPlugin.dir/all</a>] Error 2</p>\n<p>[ 95%] Linking CXX executable /home/stz/atlas_ws/devel/lib/drcsim_gazebo_ros_plugins/actionlib_server</p>\n<p>[ 95%] Built target actionlib_server</p>\n<p>Makefile:138: recipe for target 'all' failed</p>\n<p>make: *** [all] Error 2</p>\n<p>Invoking \"make install -j4 -l4\" failed</p>", "type": "rendered"}, "created_on": "2019-12-28T09:39:45.521745+00:00", "user": {"display_name": "tangzhong song", "uuid": "{1ab7c5f3-8d1b-4149-967a-c1cc3ee5d4a4}", "links": {"self": {"href": "https://api.bitbucket.org/2.0/users/%7B1ab7c5f3-8d1b-4149-967a-c1cc3ee5d4a4%7D"}, "html": {"href": "https://bitbucket.org/%7B1ab7c5f3-8d1b-4149-967a-c1cc3ee5d4a4%7D/"}, "avatar": {"href": "data/secure.gravatar.com/avatar/b42fe9a290d4bf388514f42823f03c0dd=httpsavatar-management--avatars.us-west-2.prod.public.atl-paas.netinitialsTS-5.png"}}, "nickname": "tangzhong song", "type": "user", "account_id": "5e061a38800be30d9fb91cb4"}, "updated_on": null, "type": "issue_comment", "id": 55457943}], "page": 1, "size": 2}